-------------------------------------------------------------------------------
Test set: TestSuite
-------------------------------------------------------------------------------
Tests run: 4, Failures: 2, Errors: 0, Skipped: 0, Time elapsed: 40.807 sec <<< FAILURE!
login(Demo1Test)  Time elapsed: 0.087 sec  <<< FAILURE!
org.openqa.selenium.NoSuchElementException: Unable to locate element: {"method":"id","selector":"email"}
Command duration or timeout: 38 milliseconds
For documentation on this error, please visit: http://seleniumhq.org/exceptions/no_such_element.html
Build info: version: '2.37.1', revision: 'a7c61cbd68657e133ae96672cf995890bad2ee42', time: '2013-10-21 09:08:07'
System info: host: 'ridwan-PC', ip: '192.168.1.19', os.name: 'Windows 7', os.arch: 'amd64', os.version: '6.1', java.version: '1.7.0_25'
Session ID: 2950549d-179b-4add-99b5-37c51ffd59d8
Driver info: org.openqa.selenium.firefox.FirefoxDriver
Capabilities [{platform=XP, databaseEnabled=true, cssSelectorsEnabled=true, javascriptEnabled=true, acceptSslCerts=true, handlesAlerts=true, browserName=firefox, browserConnectionEnabled=true, nativeEvents=true, webStorageEnabled=true, rotatable=false, locationContextEnabled=true, applicationCacheEnabled=true, takesScreenshot=true, version=25.0}]
	at sun.reflect.NativeConstructorAccessorImpl.newInstance0(Native Method)
	at sun.reflect.NativeConstructorAccessorImpl.newInstance(NativeConstructorAccessorImpl.java:57)
	at sun.reflect.DelegatingConstructorAccessorImpl.newInstance(DelegatingConstructorAccessorImpl.java:45)
	at java.lang.reflect.Constructor.newInstance(Constructor.java:526)
	at org.openqa.selenium.remote.ErrorHandler.createThrowable(ErrorHandler.java:193)
	at org.openqa.selenium.remote.ErrorHandler.throwIfResponseFailed(ErrorHandler.java:145)
	at org.openqa.selenium.remote.RemoteWebDriver.execute(RemoteWebDriver.java:554)
	at org.openqa.selenium.remote.RemoteWebDriver.findElement(RemoteWebDriver.java:307)
	at org.openqa.selenium.remote.RemoteWebDriver.findElementById(RemoteWebDriver.java:348)
	at org.openqa.selenium.By$ById.findElement(By.java:220)
	at org.openqa.selenium.remote.RemoteWebDriver.findElement(RemoteWebDriver.java:299)
	at Demo1Test.login(Demo1Test.java:15)
Caused by: org.openqa.selenium.remote.ErrorHandler$UnknownServerException: Unable to locate element: {"method":"id","selector":"email"}
Build info: version: '2.37.1', revision: 'a7c61cbd68657e133ae96672cf995890bad2ee42', time: '2013-10-21 09:08:07'
System info: host: 'ridwan-PC', ip: '192.168.1.19', os.name: 'Windows 7', os.arch: 'amd64', os.version: '6.1', java.version: '1.7.0_25'
Driver info: driver.version: unknown
	at <anonymous class>.FirefoxDriver.prototype.findElementInternal_(file:///C:/Users/ridwan/AppData/Local/Temp/anonymous1184907037162065200webdriver-profile/extensions/fxdriver@googlecode.com/components/driver_component.js:8891)
	at <anonymous class>.FirefoxDriver.prototype.findElement(file:///C:/Users/ridwan/AppData/Local/Temp/anonymous1184907037162065200webdriver-profile/extensions/fxdriver@googlecode.com/components/driver_component.js:8900)
	at <anonymous class>.DelayedCommand.prototype.executeInternal_/h(file:///C:/Users/ridwan/AppData/Local/Temp/anonymous1184907037162065200webdriver-profile/extensions/fxdriver@googlecode.com/components/command_processor.js:10844)
	at <anonymous class>.DelayedCommand.prototype.executeInternal_(file:///C:/Users/ridwan/AppData/Local/Temp/anonymous1184907037162065200webdriver-profile/extensions/fxdriver@googlecode.com/components/command_processor.js:10849)
	at <anonymous class>.DelayedCommand.prototype.execute/<(file:///C:/Users/ridwan/AppData/Local/Temp/anonymous1184907037162065200webdriver-profile/extensions/fxdriver@googlecode.com/components/command_processor.js:10791)
signup(Demo1Test)  Time elapsed: 0.015 sec  <<< FAILURE!
org.openqa.selenium.NoSuchElementException: Unable to locate element: {"method":"id","selector":"u_0_0"}
Command duration or timeout: 21 milliseconds
For documentation on this error, please visit: http://seleniumhq.org/exceptions/no_such_element.html
Build info: version: '2.37.1', revision: 'a7c61cbd68657e133ae96672cf995890bad2ee42', time: '2013-10-21 09:08:07'
System info: host: 'ridwan-PC', ip: '192.168.1.19', os.name: 'Windows 7', os.arch: 'amd64', os.version: '6.1', java.version: '1.7.0_25'
Session ID: 2950549d-179b-4add-99b5-37c51ffd59d8
Driver info: org.openqa.selenium.firefox.FirefoxDriver
Capabilities [{platform=XP, databaseEnabled=true, cssSelectorsEnabled=true, javascriptEnabled=true, acceptSslCerts=true, handlesAlerts=true, browserName=firefox, browserConnectionEnabled=true, nativeEvents=true, webStorageEnabled=true, rotatable=false, locationContextEnabled=true, applicationCacheEnabled=true, takesScreenshot=true, version=25.0}]
	at sun.reflect.NativeConstructorAccessorImpl.newInstance0(Native Method)
	at sun.reflect.NativeConstructorAccessorImpl.newInstance(NativeConstructorAccessorImpl.java:57)
	at sun.reflect.DelegatingConstructorAccessorImpl.newInstance(DelegatingConstructorAccessorImpl.java:45)
	at java.lang.reflect.Constructor.newInstance(Constructor.java:526)
	at org.openqa.selenium.remote.ErrorHandler.createThrowable(ErrorHandler.java:193)
	at org.openqa.selenium.remote.ErrorHandler.throwIfResponseFailed(ErrorHandler.java:145)
	at org.openqa.selenium.remote.RemoteWebDriver.execute(RemoteWebDriver.java:554)
	at org.openqa.selenium.remote.RemoteWebDriver.findElement(RemoteWebDriver.java:307)
	at org.openqa.selenium.remote.RemoteWebDriver.findElementById(RemoteWebDriver.java:348)
	at org.openqa.selenium.By$ById.findElement(By.java:220)
	at org.openqa.selenium.remote.RemoteWebDriver.findElement(RemoteWebDriver.java:299)
	at Demo1Test.signup(Demo1Test.java:21)
Caused by: org.openqa.selenium.remote.ErrorHandler$UnknownServerException: Unable to locate element: {"method":"id","selector":"u_0_0"}
Build info: version: '2.37.1', revision: 'a7c61cbd68657e133ae96672cf995890bad2ee42', time: '2013-10-21 09:08:07'
System info: host: 'ridwan-PC', ip: '192.168.1.19', os.name: 'Windows 7', os.arch: 'amd64', os.version: '6.1', java.version: '1.7.0_25'
Driver info: driver.version: unknown
	at <anonymous class>.FirefoxDriver.prototype.findElementInternal_(file:///C:/Users/ridwan/AppData/Local/Temp/anonymous1184907037162065200webdriver-profile/extensions/fxdriver@googlecode.com/components/driver_component.js:8891)
	at <anonymous class>.FirefoxDriver.prototype.findElement(file:///C:/Users/ridwan/AppData/Local/Temp/anonymous1184907037162065200webdriver-profile/extensions/fxdriver@googlecode.com/components/driver_component.js:8900)
	at <anonymous class>.DelayedCommand.prototype.executeInternal_/h(file:///C:/Users/ridwan/AppData/Local/Temp/anonymous1184907037162065200webdriver-profile/extensions/fxdriver@googlecode.com/components/command_processor.js:10844)
	at <anonymous class>.DelayedCommand.prototype.executeInternal_(file:///C:/Users/ridwan/AppData/Local/Temp/anonymous1184907037162065200webdriver-profile/extensions/fxdriver@googlecode.com/components/command_processor.js:10849)
	at <anonymous class>.DelayedCommand.prototype.execute/<(file:///C:/Users/ridwan/AppData/Local/Temp/anonymous1184907037162065200webdriver-profile/extensions/fxdriver@googlecode.com/components/command_processor.js:10791)
